<?xml version="1.0" encoding="UTF-8"?>
<!-- Generated by org.testng.reporters.JUnitReportReporter -->
<testsuite hostname="LAPTOP-E9JBH3BC" failures="0" tests="1" name="com.hrms.testscripts.Tc_001" time="46.823" errors="0" timestamp="2023-05-09T15:55:28 IST" skipped="0">
  <testcase classname="com.hrms.testscripts.Tc_001" name="tc001" time="46.823"/>
  <system-out/>
</testsuite> <!-- com.hrms.testscripts.Tc_001 -->
