<?xml version="1.0" encoding="UTF-8"?>
<!-- Generated by org.testng.reporters.JUnitReportReporter -->
<testsuite hostname="LAPTOP-E9JBH3BC" failures="0" tests="1" name="com.hrms.testscripts.Tc_004" time="27.911" errors="0" timestamp="2023-05-09T16:14:00 IST" skipped="0">
  <testcase classname="com.hrms.testscripts.Tc_004" name="tc_004" time="27.911"/>
  <system-out/>
</testsuite> <!-- com.hrms.testscripts.Tc_004 -->
