<?xml version="1.0" encoding="UTF-8"?>
<!-- Generated by org.testng.reporters.JUnitReportReporter -->
<testsuite hostname="LAPTOP-E9JBH3BC" failures="0" tests="1" name="com.hrms.testscripts.Tc00_3" time="17.949" errors="0" timestamp="2023-05-08T16:12:54 IST" skipped="0">
  <testcase classname="com.hrms.testscripts.Tc00_3" name="rc003" time="17.949"/>
  <system-out/>
</testsuite> <!-- com.hrms.testscripts.Tc00_3 -->
